2021-05-17T18:30:57+00:00 CRITICAL Uncaught Error: Call to undefined function twentytwenty_unique_id() in C:\xampp\htdocs\woocommerceDevelopment\wp-content\themes\simple-bootstrap-theme\searchform.php:28
Stack trace:
#0 C:\xampp\htdocs\woocommerceDevelopment\wp-includes\general-template.php(308): require()
#1 C:\xampp\htdocs\woocommerceDevelopment\wp-content\themes\simple-bootstrap-theme\sample-template.php(40): get_search_form()
#2 C:\xampp\htdocs\woocommerceDevelopment\wp-includes\template-loader.php(106): include('C:\\xampp\\htdocs...')
#3 C:\xampp\htdocs\woocommerceDevelopment\wp-blog-header.php(19): require_once('C:\\xampp\\htdocs...')
#4 C:\xampp\htdocs\woocommerceDevelopment\index.php(17): require('C:\\xampp\\htdocs...')
#5 {main}
  thrown in C:\xampp\htdocs\woocommerceDevelopment\wp-content\themes\simple-bootstrap-theme\searchform.php on line 28

2021-05-17T18:59:51+00:00 CRITICAL Uncaught Error: Call to undefined method WooCommerce::get_cart_contents_count() in C:\xampp\htdocs\woocommerceDevelopment\wp-content\themes\simple-bootstrap-theme\header.php:27
Stack trace:
#0 C:\xampp\htdocs\woocommerceDevelopment\wp-includes\template.php(730): require_once()
#1 C:\xampp\htdocs\woocommerceDevelopment\wp-includes\template.php(676): load_template('C:\\xampp\\htdocs...', true, Array)
#2 C:\xampp\htdocs\woocommerceDevelopment\wp-includes\general-template.php(48): locate_template(Array, true, true, Array)
#3 C:\xampp\htdocs\woocommerceDevelopment\wp-content\themes\simple-bootstrap-theme\woocommerce\single-product.php(22): get_header('shop')
#4 C:\xampp\htdocs\woocommerceDevelopment\wp-includes\template-loader.php(106): include('C:\\xampp\\htdocs...')
#5 C:\xampp\htdocs\woocommerceDevelopment\wp-blog-header.php(19): require_once('C:\\xampp\\htdocs...')
#6 C:\xampp\htdocs\woocommerceDevelopment\index.php(17): require('C:\\xampp\\htdocs...')
#7 {main}
  thrown in C:\xampp\htdocs\woocommerceDevelopment\wp-content\themes\simple-bootstrap-theme\header.php on line 27

2021-05-17T19:00:45+00:00 CRITICAL Uncaught Error: Call to undefined method WooCommerce::get_cart_contents_count() in C:\xampp\htdocs\woocommerceDevelopment\wp-content\themes\simple-bootstrap-theme\header.php:27
Stack trace:
#0 C:\xampp\htdocs\woocommerceDevelopment\wp-includes\template.php(730): require_once()
#1 C:\xampp\htdocs\woocommerceDevelopment\wp-includes\template.php(676): load_template('C:\\xampp\\htdocs...', true, Array)
#2 C:\xampp\htdocs\woocommerceDevelopment\wp-includes\general-template.php(48): locate_template(Array, true, true, Array)
#3 C:\xampp\htdocs\woocommerceDevelopment\wp-content\themes\simple-bootstrap-theme\woocommerce\single-product.php(22): get_header('shop')
#4 C:\xampp\htdocs\woocommerceDevelopment\wp-includes\template-loader.php(106): include('C:\\xampp\\htdocs...')
#5 C:\xampp\htdocs\woocommerceDevelopment\wp-blog-header.php(19): require_once('C:\\xampp\\htdocs...')
#6 C:\xampp\htdocs\woocommerceDevelopment\index.php(17): require('C:\\xampp\\htdocs...')
#7 {main}
  thrown in C:\xampp\htdocs\woocommerceDevelopment\wp-content\themes\simple-bootstrap-theme\header.php on line 27

